#
# There is insufficient memory for the Java Runtime Environment to continue.
# Native memory allocation (mmap) failed to map 58720256 bytes for Failed to commit area from 0x00000000c9c00000 to 0x00000000cd400000 of length 58720256.
# Possible reasons:
#   The system is out of physical RAM or swap space
#   The process is running with CompressedOops enabled, and the Java Heap may be blocking the growth of the native heap
# Possible solutions:
#   Reduce memory load on the system
#   Increase physical memory or swap space
#   Check if swap backing store is full
#   Decrease Java heap size (-Xmx/-Xms)
#   Decrease number of Java threads
#   Decrease Java thread stack sizes (-Xss)
#   Set larger code cache with -XX:ReservedCodeCacheSize=
# This output file may be truncated or incomplete.
#
#  Out of Memory Error (./src/hotspot/os/windows/os_windows.cpp:3303), pid=40208, tid=13616
#
# JRE version:  (11.0.8+10) (build )
# Java VM: OpenJDK 64-Bit Server VM (11.0.8+10-b944.34, mixed mode, sharing, tiered, compressed oops, g1 gc, windows-amd64)
# No core dump will be written. Minidumps are not enabled by default on client versions of Windows
#

---------------  S U M M A R Y ------------

Command Line: org.jetbrains.git4idea.http.GitAskPassApp Username for 'https://gitlab.com': 

Host: AMD Ryzen 5 2500U with Radeon Vega Mobile Gfx  , 8 cores, 3G,  Windows 10 , 64 bit Build 19041 (10.0.19041.804)
Time: Thu Apr 22 01:07:51 2021 Paris, Madrid (heure d’été) elapsed time: 0 seconds (0d 0h 0m 0s)

---------------  T H R E A D  ---------------

Current thread (0x000002783b4ab800):  JavaThread "Unknown thread" [_thread_in_vm, id=13616, stack(0x000000946dc00000,0x000000946dd00000)]

Stack: [0x000000946dc00000,0x000000946dd00000]
Native frames: (J=compiled Java code, j=interpreted, Vv=VM code, C=native code)
V  [jvm.dll+0x5de35a]
V  [jvm.dll+0x712355]
V  [jvm.dll+0x7138ad]
V  [jvm.dll+0x713f63]
V  [jvm.dll+0x23e628]
V  [jvm.dll+0x5db804]
V  [jvm.dll+0x5d0925]
V  [jvm.dll+0x2faf9b]
V  [jvm.dll+0x2faf0a]
V  [jvm.dll+0x2fade2]
V  [jvm.dll+0x2ffcb6]
V  [jvm.dll+0x3483a3]
V  [jvm.dll+0x348aa6]
V  [jvm.dll+0x3484a3]
V  [jvm.dll+0x2d5be8]
V  [jvm.dll+0x2d6d87]
V  [jvm.dll+0x6f10e7]
V  [jvm.dll+0x6f28dc]
V  [jvm.dll+0x3558f9]
V  [jvm.dll+0x6d492e]
V  [jvm.dll+0x3bdad3]
V  [jvm.dll+0x3bfd01]
C  [jli.dll+0x5373]
C  [ucrtbase.dll+0x21bb2]
C  [KERNEL32.DLL+0x17034]
C  [ntdll.dll+0x52651]


---------------  P R O C E S S  ---------------

Threads class SMR info:
_java_thread_list=0x000002783b3b2400, length=0, elements={
}

Java Threads: ( => current thread )

Other Threads:
  0x000002783b4c2000 GCTaskThread "GC Thread#0" [stack: 0x000000946dd00000,0x000000946de00000] [id=39012]
  0x000002783b4dc800 ConcurrentGCThread "G1 Main Marker" [stack: 0x000000946de00000,0x000000946df00000] [id=42188]
  0x000002783b4df000 ConcurrentGCThread "G1 Conc#0" [stack: 0x000000946df00000,0x000000946e000000] [id=40908]

[error occurred during error reporting (printing all threads), id 0xc0000005, EXCEPTION_ACCESS_VIOLATION (0xc0000005) at pc=0x00007ffa55f960c7]

VM state:not at safepoint (not fully initialized)

VM Mutex/Monitor currently owned by a thread:  ([mutex/lock_event])
[0x000002783b4a8780] Heap_lock - owner thread: 0x000002783b4ab800

Heap address: 0x00000000c9c00000, size: 868 MB, Compressed Oops mode: Non-zero based: 0x00000000c9c00000
Narrow klass base: 0x0000000000000000, Narrow klass shift: 0

GC Heap History (0 events):
No events

Deoptimization events (0 events):
No events

Classes redefined (0 events):
No events

Internal exceptions (0 events):
No events

Events (1 events):
Event: 0.013 Loaded shared library D:\IJIDE\IntelliJ IDEA 2020.2.3\jbr\bin\zip.dll


Dynamic libraries:
0x00007ff7c51d0000 - 0x00007ff7c51da000 	D:\IJIDE\IntelliJ IDEA 2020.2.3\jbr\bin\java.exe
0x00007ffa8e9d0000 - 0x00007ffa8ebc5000 	C:\WINDOWS\SYSTEM32\ntdll.dll
0x00007ffa8d0a0000 - 0x00007ffa8d15d000 	C:\WINDOWS\System32\KERNEL32.DLL
0x00007ffa8c220000 - 0x00007ffa8c4e9000 	C:\WINDOWS\System32\KERNELBASE.dll
0x00007ffa8c680000 - 0x00007ffa8c780000 	C:\WINDOWS\System32\ucrtbase.dll
0x00007ffa727b0000 - 0x00007ffa727c9000 	D:\IJIDE\IntelliJ IDEA 2020.2.3\jbr\bin\jli.dll
0x00007ffa71310000 - 0x00007ffa71327000 	D:\IJIDE\IntelliJ IDEA 2020.2.3\jbr\bin\VCRUNTIME140.dll
0x00007ffa8e3f0000 - 0x00007ffa8e590000 	C:\WINDOWS\System32\USER32.dll
0x00007ffa8c820000 - 0x00007ffa8c842000 	C:\WINDOWS\System32\win32u.dll
0x00007ffa7d0d0000 - 0x00007ffa7d36a000 	C:\WINDOWS\WinSxS\amd64_microsoft.windows.common-controls_6595b64144ccf1df_6.0.19041.844_none_ca00b6081b84eb1d\COMCTL32.dll
0x00007ffa8ceb0000 - 0x00007ffa8ceda000 	C:\WINDOWS\System32\GDI32.dll
0x00007ffa8e590000 - 0x00007ffa8e62e000 	C:\WINDOWS\System32\msvcrt.dll
0x00007ffa8c110000 - 0x00007ffa8c21b000 	C:\WINDOWS\System32\gdi32full.dll
0x00007ffa8c780000 - 0x00007ffa8c81d000 	C:\WINDOWS\System32\msvcp_win.dll
0x00007ffa8e150000 - 0x00007ffa8e180000 	C:\WINDOWS\System32\IMM32.DLL
0x00007ffa5a8b0000 - 0x00007ffa5a94d000 	D:\IJIDE\IntelliJ IDEA 2020.2.3\jbr\bin\msvcp140.dll
0x00007ffa55cb0000 - 0x00007ffa5676d000 	D:\IJIDE\IntelliJ IDEA 2020.2.3\jbr\bin\server\jvm.dll
0x00007ffa8dd80000 - 0x00007ffa8de2c000 	C:\WINDOWS\System32\ADVAPI32.dll
0x00007ffa8dab0000 - 0x00007ffa8db4c000 	C:\WINDOWS\System32\sechost.dll
0x00007ffa8e2c0000 - 0x00007ffa8e3eb000 	C:\WINDOWS\System32\RPCRT4.dll
0x00007ffa8ca30000 - 0x00007ffa8ca38000 	C:\WINDOWS\System32\PSAPI.DLL
0x00007ffa82240000 - 0x00007ffa82267000 	C:\WINDOWS\SYSTEM32\WINMM.dll
0x00007ffa85b60000 - 0x00007ffa85b69000 	C:\WINDOWS\SYSTEM32\WSOCK32.dll
0x00007ffa82280000 - 0x00007ffa8228a000 	C:\WINDOWS\SYSTEM32\VERSION.dll
0x00007ffa8dd10000 - 0x00007ffa8dd7b000 	C:\WINDOWS\System32\WS2_32.dll
0x00007ffa8a9e0000 - 0x00007ffa8a9f2000 	C:\WINDOWS\SYSTEM32\kernel.appcore.dll
0x00007ffa854d0000 - 0x00007ffa854e1000 	D:\IJIDE\IntelliJ IDEA 2020.2.3\jbr\bin\verify.dll
0x00007ffa8a4e0000 - 0x00007ffa8a6c4000 	C:\WINDOWS\SYSTEM32\DBGHELP.DLL
0x00007ffa75f70000 - 0x00007ffa75f9c000 	C:\WINDOWS\SYSTEM32\dbgcore.DLL
0x00007ffa8c950000 - 0x00007ffa8c9d0000 	C:\WINDOWS\System32\bcryptPrimitives.dll
0x00007ffa78d60000 - 0x00007ffa78d89000 	D:\IJIDE\IntelliJ IDEA 2020.2.3\jbr\bin\java.dll
0x00007ffa85b50000 - 0x00007ffa85b5b000 	D:\IJIDE\IntelliJ IDEA 2020.2.3\jbr\bin\jimage.dll
0x00007ffa7e070000 - 0x00007ffa7e088000 	D:\IJIDE\IntelliJ IDEA 2020.2.3\jbr\bin\zip.dll

dbghelp: loaded successfully - version: 4.0.5 - missing functions: none
symbol engine: initialized successfully - sym options: 0x614 - pdb path: .;D:\IJIDE\IntelliJ IDEA 2020.2.3\jbr\bin;C:\WINDOWS\SYSTEM32;C:\WINDOWS\WinSxS\amd64_microsoft.windows.common-controls_6595b64144ccf1df_6.0.19041.844_none_ca00b6081b84eb1d;D:\IJIDE\IntelliJ IDEA 2020.2.3\jbr\bin\server

VM Arguments:
java_command: org.jetbrains.git4idea.http.GitAskPassApp Username for 'https://gitlab.com': 
java_class_path (initial): D:/IJIDE/IntelliJ IDEA 2020.2.3/plugins/git4idea/lib/git4idea-rt.jar;D:/IJIDE/IntelliJ IDEA 2020.2.3/lib/xmlrpc-2.0.1.jar;D:/IJIDE/IntelliJ IDEA 2020.2.3/lib/commons-codec-1.14.jar
Launcher Type: SUN_STANDARD

[Global flags]
     intx CICompilerCount                          = 4                                         {product} {ergonomic}
     uint ConcGCThreads                            = 2                                         {product} {ergonomic}
     uint G1ConcRefinementThreads                  = 8                                         {product} {ergonomic}
   size_t G1HeapRegionSize                         = 1048576                                   {product} {ergonomic}
    uintx GCDrainStackTargetSize                   = 64                                        {product} {ergonomic}
   size_t InitialHeapSize                          = 58720256                                  {product} {ergonomic}
   size_t MarkStackSize                            = 4194304                                   {product} {ergonomic}
   size_t MaxHeapSize                              = 910163968                                 {product} {ergonomic}
   size_t MinHeapDeltaBytes                        = 1048576                                   {product} {ergonomic}
    uintx NonNMethodCodeHeapSize                   = 5836300                                {pd product} {ergonomic}
    uintx NonProfiledCodeHeapSize                  = 122910970                              {pd product} {ergonomic}
    uintx ProfiledCodeHeapSize                     = 122910970                              {pd product} {ergonomic}
    uintx ReservedCodeCacheSize                    = 251658240                              {pd product} {ergonomic}
     bool SegmentedCodeCache                       = true                                      {product} {ergonomic}
     bool UseCompressedClassPointers               = true                                 {lp64_product} {ergonomic}
     bool UseCompressedOops                        = true                                 {lp64_product} {ergonomic}
     bool UseG1GC                                  = true                                      {product} {ergonomic}
     bool UseLargePagesIndividualAllocation        = false                                  {pd product} {ergonomic}

Logging:
Log output configuration:
 #0: stdout all=warning uptime,level,tags
 #1: stderr all=off uptime,level,tags

Environment Variables:
PATH=C:\Program Files\Git\mingw64\libexec\git-core;C:\Program Files\Git\mingw64\libexec\git-core;C:\Program Files\Git\mingw64\bin;C:\Program Files\Git\usr\bin;C:\Users\moukm\bin;C:\Program Files\Common Files\Oracle\Java\javapath;C:\Program Files (x86)\Common Files\Oracle\Java\javapath;C:\WINDOWS\system32;C:\WINDOWS;C:\WINDOWS\System32\Wbem;C:\WINDOWS\System32\WindowsPowerShell\v1.0;C:\WINDOWS\System32\OpenSSH;C:\Program Files\Git\cmd;C:\Program Files\Git\mingw64\bin;C:\Program Files\Git\usr\bin;C:\Program Files\MySQL\MySQL Shell 8.0\bin;C:\Users\moukm\AppData\Local\Microsoft\WindowsApps;E:\WebStorm 2020.3.1\bin;C:\xampp\php;C:\Users\moukm\AppData\Local\GitHubDesktop\bin;E:\Microsoft VS Code\bin
USERNAME=moukm
DISPLAY=:0.0
LC_ALL=en_US.UTF-8
OS=Windows_NT
PROCESSOR_IDENTIFIER=AMD64 Family 23 Model 17 Stepping 0, AuthenticAMD



---------------  S Y S T E M  ---------------

OS: Windows 10 , 64 bit Build 19041 (10.0.19041.804)
OS uptime: 2 days 3:18 hours
HyperV virtualization detected

CPU:total 8 (initial active 8) (8 cores per cpu, 2 threads per core) family 23 model 17 stepping 0, cmov, cx8, fxsr, mmx, sse, sse2, sse3, ssse3, sse4.1, sse4.2, popcnt, avx, avx2, aes, clmul, mmxext, 3dnowpref, lzcnt, sse4a, ht, tsc, tscinvbit, tscinv, bmi1, bmi2, adx, sha, fma

Memory: 4k page, system-wide physical 3468M (175M free)
TotalPageFile size 14220M (AvailPageFile size 35M)
current process WorkingSet (physical memory assigned to process): 9M, peak: 9M
current process commit charge ("private bytes"): 59M, peak: 115M

vm_info: OpenJDK 64-Bit Server VM (11.0.8+10-b944.34) for windows-amd64 JRE (11.0.8+10-b944.34), built on Sep 11 2020 15:32:11 by "" with MS VC++ 14.0 (VS2015)

END.
